<?xml version="1.0" encoding="UTF-8"?>
<!-- Generated by org.testng.reporters.JUnitXMLReporter -->
<testsuite ignored="0" hostname="COGNINE-L82" failures="0" tests="9" name="Test" time="12.867" errors="0" timestamp="2023-11-27T11:14:29 IST">
  <testcase classname="tutorialninja.scripts.NinjaEndtoEndTest" name="Selectproduct" time="0.5"/>
  <testcase classname="tutorialninja.scripts.NinjaEndtoEndTest" name="Addproducttocart" time="3.716"/>
  <testcase classname="tutorialninja.scripts.NinjaEndtoEndTest" name="Adddetailsofproduct" time="0.072"/>
  <testcase classname="tutorialninja.scripts.NinjaEndtoEndTest" name="viewcart" time="0.762"/>
  <testcase classname="tutorialninja.scripts.NinjaEndtoEndTest" name="Billingdetails" time="0.745"/>
  <testcase classname="tutorialninja.scripts.NinjaEndtoEndTest" name="Deliverydetails" time="0.805"/>
  <testcase classname="tutorialninja.scripts.NinjaEndtoEndTest" name="Deliverymethod" time="1.771"/>
  <testcase classname="tutorialninja.scripts.NinjaEndtoEndTest" name="Paymentmethod" time="0.161"/>
  <testcase classname="tutorialninja.scripts.NinjaEndtoEndTest" name="Confirmpayment" time="0.85"/>
</testsuite> <!-- Test -->
